Added Component: Designator=BT1(BAT-2)
Add component (AddParameter): Name = "LatestRevisionDate"; Value = "17-Jul-2002"; VariantName = "[No Variations]"
Add component (AddParameter): Name = "LatestRevisionNote"; Value = "Re-released for DXP Platform."; VariantName = "[No Variations]"
Add component (AddParameter): Name = "PackageDescription"; Value = "Battery; 2 Leads"; VariantName = "[No Variations]"
Add component (AddParameter): Name = "PackageReference"; Value = "BAT-2"; VariantName = "[No Variations]"
Add component (AddParameter): Name = "Published"; Value = "24-Mar-1999"; VariantName = "[No Variations]"
Add component (AddParameter): Name = "Publisher"; Value = "Altium Limited"; VariantName = "[No Variations]"
Added Component: Designator=C1(1608[0603])
Add component (AddParameter): Name = "LatestRevisionDate"; Value = "17-Jul-2002"; VariantName = "[No Variations]"
Add component (AddParameter): Name = "LatestRevisionNote"; Value = "Re-released for DXP Platform."; VariantName = "[No Variations]"
Add component (AddParameter): Name = "PackageDescription"; Value = "Radial Cap, Thru-Hole; 2 Leads; 0.3 in Pin Spacing"; VariantName = "[No Variations]"
Add component (AddParameter): Name = "PackageReference"; Value = "RAD-0.3"; VariantName = "[No Variations]"
Add component (AddParameter): Name = "Published"; Value = "8-Jun-2000"; VariantName = "[No Variations]"
Add component (AddParameter): Name = "Publisher"; Value = "Altium Limited"; VariantName = "[No Variations]"
Add component (AddParameter): Name = "Value"; Value = "100pF"; VariantName = "[No Variations]"
Added Component: Designator=C2(CAPR5-4X5)
Add component (AddParameter): Name = "LatestRevisionDate"; Value = "29-May-2009"; VariantName = "[No Variations]"
Add component (AddParameter): Name = "LatestRevisionNote"; Value = "IPC-7351 Footprint Added."; VariantName = "[No Variations]"
Add component (AddParameter): Name = "PackageDescription"; Value = "Chip Capacitor"; VariantName = "[No Variations]"
Add component (AddParameter): Name = "PackageReference"; Value = "C0805"; VariantName = "[No Variations]"
Add component (AddParameter): Name = "Published"; Value = "8-Jun-2000"; VariantName = "[No Variations]"
Add component (AddParameter): Name = "Publisher"; Value = "Altium Limited"; VariantName = "[No Variations]"
Add component (AddParameter): Name = "Value"; Value = "100pF"; VariantName = "[No Variations]"
Added Component: Designator=C3(1608[0603])
Add component (AddParameter): Name = "LatestRevisionDate"; Value = "17-Jul-2002"; VariantName = "[No Variations]"
Add component (AddParameter): Name = "LatestRevisionNote"; Value = "Re-released for DXP Platform."; VariantName = "[No Variations]"
Add component (AddParameter): Name = "PackageDescription"; Value = "Radial Cap, Thru-Hole; 2 Leads; 0.3 in Pin Spacing"; VariantName = "[No Variations]"
Add component (AddParameter): Name = "PackageReference"; Value = "RAD-0.3"; VariantName = "[No Variations]"
Add component (AddParameter): Name = "Published"; Value = "8-Jun-2000"; VariantName = "[No Variations]"
Add component (AddParameter): Name = "Publisher"; Value = "Altium Limited"; VariantName = "[No Variations]"
Add component (AddParameter): Name = "Value"; Value = "100pF"; VariantName = "[No Variations]"
Added Component: Designator=C4(CAPR5-4X5)
Add component (AddParameter): Name = "LatestRevisionDate"; Value = "29-May-2009"; VariantName = "[No Variations]"
Add component (AddParameter): Name = "LatestRevisionNote"; Value = "IPC-7351 Footprint Added."; VariantName = "[No Variations]"
Add component (AddParameter): Name = "PackageDescription"; Value = "Chip Capacitor"; VariantName = "[No Variations]"
Add component (AddParameter): Name = "PackageReference"; Value = "C0805"; VariantName = "[No Variations]"
Add component (AddParameter): Name = "Published"; Value = "8-Jun-2000"; VariantName = "[No Variations]"
Add component (AddParameter): Name = "Publisher"; Value = "Altium Limited"; VariantName = "[No Variations]"
Add component (AddParameter): Name = "Value"; Value = "100pF"; VariantName = "[No Variations]"
Added Component: Designator=C5(1608[0603])
Add component (AddParameter): Name = "LatestRevisionDate"; Value = "17-Jul-2002"; VariantName = "[No Variations]"
Add component (AddParameter): Name = "LatestRevisionNote"; Value = "Re-released for DXP Platform."; VariantName = "[No Variations]"
Add component (AddParameter): Name = "PackageDescription"; Value = "Radial Cap, Thru-Hole; 2 Leads; 0.3 in Pin Spacing"; VariantName = "[No Variations]"
Add component (AddParameter): Name = "PackageReference"; Value = "RAD-0.3"; VariantName = "[No Variations]"
Add component (AddParameter): Name = "Published"; Value = "8-Jun-2000"; VariantName = "[No Variations]"
Add component (AddParameter): Name = "Publisher"; Value = "Altium Limited"; VariantName = "[No Variations]"
Add component (AddParameter): Name = "Value"; Value = "100pF"; VariantName = "[No Variations]"
Added Component: Designator=C6(1608[0603])
Add component (AddParameter): Name = "LatestRevisionDate"; Value = "17-Jul-2002"; VariantName = "[No Variations]"
Add component (AddParameter): Name = "LatestRevisionNote"; Value = "Re-released for DXP Platform."; VariantName = "[No Variations]"
Add component (AddParameter): Name = "PackageDescription"; Value = "Radial Cap, Thru-Hole; 2 Leads; 0.3 in Pin Spacing"; VariantName = "[No Variations]"
Add component (AddParameter): Name = "PackageReference"; Value = "RAD-0.3"; VariantName = "[No Variations]"
Add component (AddParameter): Name = "Published"; Value = "8-Jun-2000"; VariantName = "[No Variations]"
Add component (AddParameter): Name = "Publisher"; Value = "Altium Limited"; VariantName = "[No Variations]"
Add component (AddParameter): Name = "Value"; Value = "100pF"; VariantName = "[No Variations]"
Added Component: Designator=C7(1608[0603])
Add component (AddParameter): Name = "LatestRevisionDate"; Value = "17-Jul-2002"; VariantName = "[No Variations]"
Add component (AddParameter): Name = "LatestRevisionNote"; Value = "Re-released for DXP Platform."; VariantName = "[No Variations]"
Add component (AddParameter): Name = "PackageDescription"; Value = "Radial Cap, Thru-Hole; 2 Leads; 0.3 in Pin Spacing"; VariantName = "[No Variations]"
Add component (AddParameter): Name = "PackageReference"; Value = "RAD-0.3"; VariantName = "[No Variations]"
Add component (AddParameter): Name = "Published"; Value = "8-Jun-2000"; VariantName = "[No Variations]"
Add component (AddParameter): Name = "Publisher"; Value = "Altium Limited"; VariantName = "[No Variations]"
Add component (AddParameter): Name = "Value"; Value = "100pF"; VariantName = "[No Variations]"
Added Component: Designator=C8(CAPR5-4X5)
Add component (AddParameter): Name = "LatestRevisionDate"; Value = "29-May-2009"; VariantName = "[No Variations]"
Add component (AddParameter): Name = "LatestRevisionNote"; Value = "IPC-7351 Footprint Added."; VariantName = "[No Variations]"
Add component (AddParameter): Name = "PackageDescription"; Value = "Chip Capacitor"; VariantName = "[No Variations]"
Add component (AddParameter): Name = "PackageReference"; Value = "C0805"; VariantName = "[No Variations]"
Add component (AddParameter): Name = "Published"; Value = "8-Jun-2000"; VariantName = "[No Variations]"
Add component (AddParameter): Name = "Publisher"; Value = "Altium Limited"; VariantName = "[No Variations]"
Add component (AddParameter): Name = "Value"; Value = "100pF"; VariantName = "[No Variations]"
Added Component: Designator=C9(1608[0603])
Add component (AddParameter): Name = "LatestRevisionDate"; Value = "17-Jul-2002"; VariantName = "[No Variations]"
Add component (AddParameter): Name = "LatestRevisionNote"; Value = "Re-released for DXP Platform."; VariantName = "[No Variations]"
Add component (AddParameter): Name = "PackageDescription"; Value = "Radial Cap, Thru-Hole; 2 Leads; 0.3 in Pin Spacing"; VariantName = "[No Variations]"
Add component (AddParameter): Name = "PackageReference"; Value = "RAD-0.3"; VariantName = "[No Variations]"
Add component (AddParameter): Name = "Published"; Value = "8-Jun-2000"; VariantName = "[No Variations]"
Add component (AddParameter): Name = "Publisher"; Value = "Altium Limited"; VariantName = "[No Variations]"
Add component (AddParameter): Name = "Value"; Value = "100pF"; VariantName = "[No Variations]"
Added Component: Designator=C10(1608[0603])
Add component (AddParameter): Name = "LatestRevisionDate"; Value = "17-Jul-2002"; VariantName = "[No Variations]"
Add component (AddParameter): Name = "LatestRevisionNote"; Value = "Re-released for DXP Platform."; VariantName = "[No Variations]"
Add component (AddParameter): Name = "PackageDescription"; Value = "Radial Cap, Thru-Hole; 2 Leads; 0.3 in Pin Spacing"; VariantName = "[No Variations]"
Add component (AddParameter): Name = "PackageReference"; Value = "RAD-0.3"; VariantName = "[No Variations]"
Add component (AddParameter): Name = "Published"; Value = "8-Jun-2000"; VariantName = "[No Variations]"
Add component (AddParameter): Name = "Publisher"; Value = "Altium Limited"; VariantName = "[No Variations]"
Add component (AddParameter): Name = "Value"; Value = "100pF"; VariantName = "[No Variations]"
Added Component: Designator=CFLTR1(1608[0603])
Add component (AddParameter): Name = "LatestRevisionDate"; Value = "17-Jul-2002"; VariantName = "[No Variations]"
Add component (AddParameter): Name = "LatestRevisionNote"; Value = "Re-released for DXP Platform."; VariantName = "[No Variations]"
Add component (AddParameter): Name = "PackageDescription"; Value = "Radial Cap, Thru-Hole; 2 Leads; 0.3 in Pin Spacing"; VariantName = "[No Variations]"
Add component (AddParameter): Name = "PackageReference"; Value = "RAD-0.3"; VariantName = "[No Variations]"
Add component (AddParameter): Name = "Published"; Value = "8-Jun-2000"; VariantName = "[No Variations]"
Add component (AddParameter): Name = "Publisher"; Value = "Altium Limited"; VariantName = "[No Variations]"
Add component (AddParameter): Name = "Value"; Value = "100pF"; VariantName = "[No Variations]"
Added Component: Designator=CSTOR1(1608[0603])
Add component (AddParameter): Name = "LatestRevisionDate"; Value = "17-Jul-2002"; VariantName = "[No Variations]"
Add component (AddParameter): Name = "LatestRevisionNote"; Value = "Re-released for DXP Platform."; VariantName = "[No Variations]"
Add component (AddParameter): Name = "PackageDescription"; Value = "Radial Cap, Thru-Hole; 2 Leads; 0.3 in Pin Spacing"; VariantName = "[No Variations]"
Add component (AddParameter): Name = "PackageReference"; Value = "RAD-0.3"; VariantName = "[No Variations]"
Add component (AddParameter): Name = "Published"; Value = "8-Jun-2000"; VariantName = "[No Variations]"
Add component (AddParameter): Name = "Publisher"; Value = "Altium Limited"; VariantName = "[No Variations]"
Add component (AddParameter): Name = "Value"; Value = "100pF"; VariantName = "[No Variations]"
Added Component: Designator=L1(WE-TPC-3816-S)
Add component (AddParameter): Name = "ComponentLink1Description"; Value = "Manufacturer Link"; VariantName = "[No Variations]"
Add component (AddParameter): Name = "ComponentLink1URL"; Value = "http://www.we-online.com"; VariantName = "[No Variations]"
Add component (AddParameter): Name = "ComponentLink2Description"; Value = "Datasheet"; VariantName = "[No Variations]"
Add component (AddParameter): Name = "ComponentLink2URL"; Value = "http://www.we-online.de/katalog/media/pdf/744031220.pdf"; VariantName = "[No Variations]"
Add component (AddParameter): Name = "DatasheetVersion"; Value = "ver 6, Jan-2009"; VariantName = "[No Variations]"
Add component (AddParameter): Name = "Inductance"; Value = "22.0 ÂµH"; VariantName = "[No Variations]"
Add component (AddParameter): Name = "PackageDescription"; Value = "SMD Inductor, 2-Leads, Body 3.8 x 3.8 mm"; VariantName = "[No Variations]"
Add component (AddParameter): Name = "PackageReference"; Value = "WE-TPC-3816-S"; VariantName = "[No Variations]"
Add component (AddParameter): Name = "PackageVersion"; Value = "2009"; VariantName = "[No Variations]"
Added Component: Designator=P1(HDR1X4)
Add component (AddParameter): Name = "LatestRevisionDate"; Value = "17-Jul-2002"; VariantName = "[No Variations]"
Add component (AddParameter): Name = "LatestRevisionNote"; Value = "Re-released for DXP Platform."; VariantName = "[No Variations]"
Add component (AddParameter): Name = "Publisher"; Value = "Altium Limited"; VariantName = "[No Variations]"
Added Component: Designator=P2(HDR1X4)
Add component (AddParameter): Name = "LatestRevisionDate"; Value = "17-Jul-2002"; VariantName = "[No Variations]"
Add component (AddParameter): Name = "LatestRevisionNote"; Value = "Re-released for DXP Platform."; VariantName = "[No Variations]"
Add component (AddParameter): Name = "Publisher"; Value = "Altium Limited"; VariantName = "[No Variations]"
Added Component: Designator=P3(HDR1X4)
Add component (AddParameter): Name = "LatestRevisionDate"; Value = "17-Jul-2002"; VariantName = "[No Variations]"
Add component (AddParameter): Name = "LatestRevisionNote"; Value = "Re-released for DXP Platform."; VariantName = "[No Variations]"
Add component (AddParameter): Name = "Publisher"; Value = "Altium Limited"; VariantName = "[No Variations]"
Added Component: Designator=P4(HDR1X4)
Add component (AddParameter): Name = "LatestRevisionDate"; Value = "17-Jul-2002"; VariantName = "[No Variations]"
Add component (AddParameter): Name = "LatestRevisionNote"; Value = "Re-released for DXP Platform."; VariantName = "[No Variations]"
Add component (AddParameter): Name = "Publisher"; Value = "Altium Limited"; VariantName = "[No Variations]"
Added Component: Designator=R1(J1-0603)
Add component (AddParameter): Name = "LatestRevisionDate"; Value = "29-May-2009"; VariantName = "[No Variations]"
Add component (AddParameter): Name = "LatestRevisionNote"; Value = "IPC-7351 Footprint Added."; VariantName = "[No Variations]"
Add component (AddParameter): Name = "PackageDescription"; Value = "Chip Resistor"; VariantName = "[No Variations]"
Add component (AddParameter): Name = "PackageReference"; Value = "J1-0603"; VariantName = "[No Variations]"
Add component (AddParameter): Name = "Published"; Value = "8-Jun-2000"; VariantName = "[No Variations]"
Add component (AddParameter): Name = "Publisher"; Value = "Altium Limited"; VariantName = "[No Variations]"
Add component (AddParameter): Name = "Value"; Value = "1K"; VariantName = "[No Variations]"
Added Component: Designator=R2(J1-0603)
Add component (AddParameter): Name = "LatestRevisionDate"; Value = "29-May-2009"; VariantName = "[No Variations]"
Add component (AddParameter): Name = "LatestRevisionNote"; Value = "IPC-7351 Footprint Added."; VariantName = "[No Variations]"
Add component (AddParameter): Name = "PackageDescription"; Value = "Chip Resistor"; VariantName = "[No Variations]"
Add component (AddParameter): Name = "PackageReference"; Value = "J1-0603"; VariantName = "[No Variations]"
Add component (AddParameter): Name = "Published"; Value = "8-Jun-2000"; VariantName = "[No Variations]"
Add component (AddParameter): Name = "Publisher"; Value = "Altium Limited"; VariantName = "[No Variations]"
Add component (AddParameter): Name = "Value"; Value = "1K"; VariantName = "[No Variations]"
Added Component: Designator=ROK1(J1-0603)
Add component (AddParameter): Name = "LatestRevisionDate"; Value = "29-May-2009"; VariantName = "[No Variations]"
Add component (AddParameter): Name = "LatestRevisionNote"; Value = "IPC-7351 Footprint Added."; VariantName = "[No Variations]"
Add component (AddParameter): Name = "PackageDescription"; Value = "Chip Resistor"; VariantName = "[No Variations]"
Add component (AddParameter): Name = "PackageReference"; Value = "J1-0603"; VariantName = "[No Variations]"
Add component (AddParameter): Name = "Published"; Value = "8-Jun-2000"; VariantName = "[No Variations]"
Add component (AddParameter): Name = "Publisher"; Value = "Altium Limited"; VariantName = "[No Variations]"
Add component (AddParameter): Name = "Value"; Value = "1K"; VariantName = "[No Variations]"
Added Component: Designator=ROK2(J1-0603)
Add component (AddParameter): Name = "LatestRevisionDate"; Value = "29-May-2009"; VariantName = "[No Variations]"
Add component (AddParameter): Name = "LatestRevisionNote"; Value = "IPC-7351 Footprint Added."; VariantName = "[No Variations]"
Add component (AddParameter): Name = "PackageDescription"; Value = "Chip Resistor"; VariantName = "[No Variations]"
Add component (AddParameter): Name = "PackageReference"; Value = "J1-0603"; VariantName = "[No Variations]"
Add component (AddParameter): Name = "Published"; Value = "8-Jun-2000"; VariantName = "[No Variations]"
Add component (AddParameter): Name = "Publisher"; Value = "Altium Limited"; VariantName = "[No Variations]"
Add component (AddParameter): Name = "Value"; Value = "1K"; VariantName = "[No Variations]"
Added Component: Designator=ROK3(J1-0603)
Add component (AddParameter): Name = "LatestRevisionDate"; Value = "29-May-2009"; VariantName = "[No Variations]"
Add component (AddParameter): Name = "LatestRevisionNote"; Value = "IPC-7351 Footprint Added."; VariantName = "[No Variations]"
Add component (AddParameter): Name = "PackageDescription"; Value = "Chip Resistor"; VariantName = "[No Variations]"
Add component (AddParameter): Name = "PackageReference"; Value = "J1-0603"; VariantName = "[No Variations]"
Add component (AddParameter): Name = "Published"; Value = "8-Jun-2000"; VariantName = "[No Variations]"
Add component (AddParameter): Name = "Publisher"; Value = "Altium Limited"; VariantName = "[No Variations]"
Add component (AddParameter): Name = "Value"; Value = "1K"; VariantName = "[No Variations]"
Added Component: Designator=ROV1(J1-0603)
Add component (AddParameter): Name = "LatestRevisionDate"; Value = "29-May-2009"; VariantName = "[No Variations]"
Add component (AddParameter): Name = "LatestRevisionNote"; Value = "IPC-7351 Footprint Added."; VariantName = "[No Variations]"
Add component (AddParameter): Name = "PackageDescription"; Value = "Chip Resistor"; VariantName = "[No Variations]"
Add component (AddParameter): Name = "PackageReference"; Value = "J1-0603"; VariantName = "[No Variations]"
Add component (AddParameter): Name = "Published"; Value = "8-Jun-2000"; VariantName = "[No Variations]"
Add component (AddParameter): Name = "Publisher"; Value = "Altium Limited"; VariantName = "[No Variations]"
Add component (AddParameter): Name = "Value"; Value = "1K"; VariantName = "[No Variations]"
Added Component: Designator=ROV2(J1-0603)
Add component (AddParameter): Name = "LatestRevisionDate"; Value = "29-May-2009"; VariantName = "[No Variations]"
Add component (AddParameter): Name = "LatestRevisionNote"; Value = "IPC-7351 Footprint Added."; VariantName = "[No Variations]"
Add component (AddParameter): Name = "PackageDescription"; Value = "Chip Resistor"; VariantName = "[No Variations]"
Add component (AddParameter): Name = "PackageReference"; Value = "J1-0603"; VariantName = "[No Variations]"
Add component (AddParameter): Name = "Published"; Value = "8-Jun-2000"; VariantName = "[No Variations]"
Add component (AddParameter): Name = "Publisher"; Value = "Altium Limited"; VariantName = "[No Variations]"
Add component (AddParameter): Name = "Value"; Value = "1K"; VariantName = "[No Variations]"
Added Component: Designator=RUV1(J1-0603)
Add component (AddParameter): Name = "LatestRevisionDate"; Value = "29-May-2009"; VariantName = "[No Variations]"
Add component (AddParameter): Name = "LatestRevisionNote"; Value = "IPC-7351 Footprint Added."; VariantName = "[No Variations]"
Add component (AddParameter): Name = "PackageDescription"; Value = "Chip Resistor"; VariantName = "[No Variations]"
Add component (AddParameter): Name = "PackageReference"; Value = "J1-0603"; VariantName = "[No Variations]"
Add component (AddParameter): Name = "Published"; Value = "8-Jun-2000"; VariantName = "[No Variations]"
Add component (AddParameter): Name = "Publisher"; Value = "Altium Limited"; VariantName = "[No Variations]"
Add component (AddParameter): Name = "Value"; Value = "1K"; VariantName = "[No Variations]"
Added Component: Designator=RUV2(J1-0603)
Add component (AddParameter): Name = "LatestRevisionDate"; Value = "29-May-2009"; VariantName = "[No Variations]"
Add component (AddParameter): Name = "LatestRevisionNote"; Value = "IPC-7351 Footprint Added."; VariantName = "[No Variations]"
Add component (AddParameter): Name = "PackageDescription"; Value = "Chip Resistor"; VariantName = "[No Variations]"
Add component (AddParameter): Name = "PackageReference"; Value = "J1-0603"; VariantName = "[No Variations]"
Add component (AddParameter): Name = "Published"; Value = "8-Jun-2000"; VariantName = "[No Variations]"
Add component (AddParameter): Name = "Publisher"; Value = "Altium Limited"; VariantName = "[No Variations]"
Add component (AddParameter): Name = "Value"; Value = "1K"; VariantName = "[No Variations]"
Added Component: Designator=T1(FP-LPR6235-MFG)
Add component (AddParameter): Name = "Ambient Temperature Range High"; Value = "+85°C"; VariantName = "[No Variations]"
Add component (AddParameter): Name = "Ambient Temperature Range Low"; Value = "-40°C"; VariantName = "[No Variations]"
Add component (AddParameter): Name = "Automotive"; Value = "No"; VariantName = "[No Variations]"
Add component (AddParameter): Name = "Category"; Value = "Trans"; VariantName = "[No Variations]"
Add component (AddParameter): Name = "ComponentLink2Description"; Value = "Datasheet"; VariantName = "[No Variations]"
Add component (AddParameter): Name = "ComponentLink2URL"; Value = "https://www.coilcraft.com/pdfs/lpr6235.pdf"; VariantName = "[No Variations]"
Add component (AddParameter): Name = "Device Class L1"; Value = "Passive Components"; VariantName = "[No Variations]"
Add component (AddParameter): Name = "Device Class L2"; Value = "Transformers"; VariantName = "[No Variations]"
Add component (AddParameter): Name = "Device Class L3"; Value = "unset"; VariantName = "[No Variations]"
Add component (AddParameter): Name = "Frequency"; Value = "100kHz"; VariantName = "[No Variations]"
Add component (AddParameter): Name = "Height"; Value = "3.5mm"; VariantName = "[No Variations]"
Add component (AddParameter): Name = "Inductance Primary"; Value = "25uH"; VariantName = "[No Variations]"
Add component (AddParameter): Name = "Isolation Voltage"; Value = "300Vrms"; VariantName = "[No Variations]"
Add component (AddParameter): Name = "Lead Free"; Value = "Yes"; VariantName = "[No Variations]"
Add component (AddParameter): Name = "Manufacturer"; Value = "Coilcraft"; VariantName = "[No Variations]"
Add component (AddParameter): Name = "Manufacturer Part Number"; Value = "LPR6235-253LMLB"; VariantName = "[No Variations]"
Add component (AddParameter): Name = "Mouser Description"; Value = "Coupled Inductors Mini Step-up Xfmr SEE PART COMMENT TAB"; VariantName = "[No Variations]"
Add component (AddParameter): Name = "Octopart"; Value = "https://octopart.com/lpr6235-253lmlb-coilcraft-14935593"; VariantName = "[No Variations]"
Add component (AddParameter): Name = "Package"; Value = "LPR6235"; VariantName = "[No Variations]"
Add component (AddParameter): Name = "Primary Resistance"; Value = "0.74O"; VariantName = "[No Variations]"
Add component (AddParameter): Name = "RoHS"; Value = "TRUE"; VariantName = "[No Variations]"
Add component (AddParameter): Name = "Sec Resistance"; Value = "13.7O"; VariantName = "[No Variations]"
Add component (AddParameter): Name = "Turns Ratio"; Value = "1:10"; VariantName = "[No Variations]"
Added Component: Designator=U1(LT-GN-16_N)
Add component (AddParameter): Name = "ComponentLink1Description"; Value = "Manufacturer URL"; VariantName = "[No Variations]"
Add component (AddParameter): Name = "ComponentLink1URL"; Value = "http://www.linear.com/"; VariantName = "[No Variations]"
Add component (AddParameter): Name = "ComponentLink2Description"; Value = "Datasheet"; VariantName = "[No Variations]"
Add component (AddParameter): Name = "ComponentLink2URL"; Value = "http://cds.linear.com/docs/en/datasheet/31081fa.pdf"; VariantName = "[No Variations]"
Add component (AddParameter): Name = "ComponentLink3Description"; Value = "Package Specification"; VariantName = "[No Variations]"
Add component (AddParameter): Name = "ComponentLink3URL"; Value = "http://cds.linear.com/docs/en/packaging/05081641_B_GN16.pdf"; VariantName = "[No Variations]"
Add component (AddParameter): Name = "DatasheetVersion"; Value = "Rev. A"; VariantName = "[No Variations]"
Add component (AddParameter): Name = "Energy Source"; Value = "Thermoelectric"; VariantName = "[No Variations]"
Add component (AddParameter): Name = "Manufacturer"; Value = "Linear Technology"; VariantName = "[No Variations]"
Add component (AddParameter): Name = "Mounting Technology"; Value = "Surface Mount"; VariantName = "[No Variations]"
Add component (AddParameter): Name = "Number of Outputs"; Value = "3"; VariantName = "[No Variations]"
Add component (AddParameter): Name = "PackageDescription"; Value = "16-Pin Plastic SSOP, Body 4.9 x 3.9 mm, Pitch 0.635 mm"; VariantName = "[No Variations]"
Add component (AddParameter): Name = "PackageReference"; Value = "GN-16"; VariantName = "[No Variations]"
Add component (AddParameter): Name = "PackageVersion"; Value = "Rev. B, 03/2012"; VariantName = "[No Variations]"
Add component (AddParameter): Name = "PartNumber"; Value = "LTC3108EGN-1#PBF"; VariantName = "[No Variations]"
Add component (AddParameter): Name = "RoHS"; Value = "TRUE"; VariantName = "[No Variations]"
Add component (AddParameter): Name = "Topology"; Value = "Boost, LDO"; VariantName = "[No Variations]"
Add component (AddParameter): Name = "Vin Max(V)"; Value = "0.5"; VariantName = "[No Variations]"
Add component (AddParameter): Name = "Vin Min(V)"; Value = "0.02"; VariantName = "[No Variations]"
Add component (AddParameter): Name = "Vout Max(V)"; Value = "5"; VariantName = "[No Variations]"
Added Component: Designator=U2(RGT0016C_V)
Add component (AddParameter): Name = "Code_JEDEC"; Value = "MO-220"; VariantName = "[No Variations]"
Add component (AddParameter): Name = "ComponentLink1Description"; Value = "Datasheet"; VariantName = "[No Variations]"
Add component (AddParameter): Name = "ComponentLink1URL"; Value = "http://www.ti.com/general/docs/lit/getliterature.tsp?genericPartNumber=BQ25504&fileType=pdf"; VariantName = "[No Variations]"
Add component (AddParameter): Name = "DatasheetVersion"; Value = "SLUSAH0"; VariantName = "[No Variations]"
Add component (AddParameter): Name = "Eco-Plan"; Value = "Green (RoHS & no Sb/Br)"; VariantName = "[No Variations]"
Add component (AddParameter): Name = "Lead Acid"; Value = "N"; VariantName = "[No Variations]"
Add component (AddParameter): Name = "Li-Ion"; Value = "N"; VariantName = "[No Variations]"
Add component (AddParameter): Name = "Li-Polymer"; Value = "N"; VariantName = "[No Variations]"
Add component (AddParameter): Name = "Manufacturer"; Value = "Texas Instruments"; VariantName = "[No Variations]"
Add component (AddParameter): Name = "Mounting Technology"; Value = "Surface Mount"; VariantName = "[No Variations]"
Add component (AddParameter): Name = "NiCd"; Value = "N"; VariantName = "[No Variations]"
Add component (AddParameter): Name = "NiMH"; Value = "N"; VariantName = "[No Variations]"
Add component (AddParameter): Name = "Over Voltage Protection"; Value = "N"; VariantName = "[No Variations]"
Add component (AddParameter): Name = "PackageDescription"; Value = "16-Pin Plastic Quad Flat No-Lead, 3 x 3 mm Body, 0.5 mm Pitch, 1.7 x 1.7 mm Exposed Pad"; VariantName = "[No Variations]"
Add component (AddParameter): Name = "PackageReference"; Value = "RGT0016C"; VariantName = "[No Variations]"
Add component (AddParameter): Name = "PackageVersion"; Value = "revH, Oct-2011"; VariantName = "[No Variations]"
Add component (AddParameter): Name = "PartNumber"; Value = "BQ25504RGTT"; VariantName = "[No Variations]"
Add component (AddParameter): Name = "SubFamily"; Value = "Battery Charge Management"; VariantName = "[No Variations]"
Add component (AddParameter): Name = "Vin(Min)(V)"; Value = "0.13"; VariantName = "[No Variations]"
Added Pin To Net: NetName=NetBT1_1 Pin=BT1-1
Added Pin To Net: NetName=GND Pin=BT1-2
Added Pin To Net: NetName=NetC1_1 Pin=C1-1
Added Pin To Net: NetName=NetC1_2 Pin=C1-2
Added Pin To Net: NetName=NetC2_1 Pin=C2-1
Added Pin To Net: NetName=GND Pin=C2-2
Added Pin To Net: NetName=NetC1_1 Pin=C3-1
Added Pin To Net: NetName=NetC3_2 Pin=C3-2
Added Pin To Net: NetName=NetC4_1 Pin=C4-1
Added Pin To Net: NetName=GND Pin=C4-2
Added Pin To Net: NetName=GND Pin=C5-1
Added Pin To Net: NetName=NetC5_2 Pin=C5-2
Added Pin To Net: NetName=GND Pin=C6-1
Added Pin To Net: NetName=NetC6_2 Pin=C6-2
Added Pin To Net: NetName=GND Pin=C7-1
Added Pin To Net: NetName=NetC7_2 Pin=C7-2
Added Pin To Net: NetName=NetC8_1 Pin=C8-1
Added Pin To Net: NetName=GND Pin=C8-2
Added Pin To Net: NetName=GND Pin=C9-1
Added Pin To Net: NetName=NetC9_2 Pin=C9-2
Added Pin To Net: NetName=GND Pin=C10-1
Added Pin To Net: NetName=NetC10_2 Pin=C10-2
Added Pin To Net: NetName=NetCFLTR1_1 Pin=CFLTR1-1
Added Pin To Net: NetName=GND Pin=CFLTR1-2
Added Pin To Net: NetName=NetCFLTR1_1 Pin=CSTOR1-1
Added Pin To Net: NetName=GND Pin=CSTOR1-2
Added Pin To Net: NetName=NetC9_2 Pin=L1-1
Added Pin To Net: NetName=NetL1_2 Pin=L1-2
Added Pin To Net: NetName=NetC2_1 Pin=P1-1
Added Pin To Net: NetName=NetC2_1 Pin=P1-2
Added Pin To Net: NetName=GND Pin=P1-3
Added Pin To Net: NetName=GND Pin=P1-4
Added Pin To Net: NetName=NetP2_1 Pin=P2-1
Added Pin To Net: NetName=NetP2_2 Pin=P2-2
Added Pin To Net: NetName=NetP2_3 Pin=P2-3
Added Pin To Net: NetName=NetC8_1 Pin=P2-4
Added Pin To Net: NetName=NetC9_2 Pin=P3-1
Added Pin To Net: NetName=NetC9_2 Pin=P3-2
Added Pin To Net: NetName=GND Pin=P3-3
Added Pin To Net: NetName=GND Pin=P3-4
Added Pin To Net: NetName=NetP4_1 Pin=P4-1
Added Pin To Net: NetName=NetCFLTR1_1 Pin=P4-2
Added Pin To Net: NetName=NetCFLTR1_1 Pin=P4-3
Added Pin To Net: NetName=GND Pin=P4-4
Added Pin To Net: NetName=NetC9_2 Pin=R1-1
Added Pin To Net: NetName=NetR1_2 Pin=R1-2
Added Pin To Net: NetName=NetR1_2 Pin=R2-1
Added Pin To Net: NetName=GND Pin=R2-2
Added Pin To Net: NetName=NetROK1_1 Pin=ROK1-1
Added Pin To Net: NetName=GND Pin=ROK1-2
Added Pin To Net: NetName=NetROK2_1 Pin=ROK2-1
Added Pin To Net: NetName=NetROK1_1 Pin=ROK2-2
Added Pin To Net: NetName=NetROK3_1 Pin=ROK3-1
Added Pin To Net: NetName=NetROK2_1 Pin=ROK3-2
Added Pin To Net: NetName=NetROK3_1 Pin=ROV1-1
Added Pin To Net: NetName=NetROV1_2 Pin=ROV1-2
Added Pin To Net: NetName=NetROV1_2 Pin=ROV2-1
Added Pin To Net: NetName=GND Pin=ROV2-2
Added Pin To Net: NetName=NetROK3_1 Pin=RUV1-1
Added Pin To Net: NetName=NetRUV1_2 Pin=RUV1-2
Added Pin To Net: NetName=NetRUV1_2 Pin=RUV2-1
Added Pin To Net: NetName=GND Pin=RUV2-2
Added Pin To Net: NetName=NetC2_1 Pin=T1-1
Added Pin To Net: NetName=NetT1_2 Pin=T1-2
Added Pin To Net: NetName=GND Pin=T1-3
Added Pin To Net: NetName=NetC1_1 Pin=T1-4
Added Pin To Net: NetName=NetC7_2 Pin=U1-1
Added Pin To Net: NetName=NetC8_1 Pin=U1-2
Added Pin To Net: NetName=NetC4_1 Pin=U1-3
Added Pin To Net: NetName=NetP2_1 Pin=U1-4
Added Pin To Net: NetName=NetC5_2 Pin=U1-5
Added Pin To Net: NetName=NetP2_3 Pin=U1-6
Added Pin To Net: NetName=GND Pin=U1-7
Added Pin To Net: NetName=NetC6_2 Pin=U1-8
Added Pin To Net: NetName=NetP2_2 Pin=U1-9
Added Pin To Net: NetName=NetC1_2 Pin=U1-10
Added Pin To Net: NetName=NetC3_2 Pin=U1-11
Added Pin To Net: NetName=NetT1_2 Pin=U1-12
Added Pin To Net: NetName=GND Pin=U1-13
Added Pin To Net: NetName=GND Pin=U2-1
Added Pin To Net: NetName=NetC9_2 Pin=U2-2
Added Pin To Net: NetName=NetR1_2 Pin=U2-3
Added Pin To Net: NetName=NetC10_2 Pin=U2-4
Added Pin To Net: NetName=GND Pin=U2-5
Added Pin To Net: NetName=NetROV1_2 Pin=U2-6
Added Pin To Net: NetName=NetROK3_1 Pin=U2-7
Added Pin To Net: NetName=NetRUV1_2 Pin=U2-8
Added Pin To Net: NetName=NetROK2_1 Pin=U2-9
Added Pin To Net: NetName=NetROK1_1 Pin=U2-10
Added Pin To Net: NetName=NetP4_1 Pin=U2-11
Added Pin To Net: NetName=GND Pin=U2-12
Added Pin To Net: NetName=GND Pin=U2-13
Added Pin To Net: NetName=NetBT1_1 Pin=U2-14
Added Pin To Net: NetName=NetCFLTR1_1 Pin=U2-15
Added Pin To Net: NetName=NetL1_2 Pin=U2-16
Added Member To Class: ClassName=Main_circuit Member=Component BT1 Battery
Added Member To Class: ClassName=LTC_Main Member=Component C1 Cap
Added Member To Class: ClassName=LTC_Main Member=Component C2 Cap Pol3
Added Member To Class: ClassName=LTC_Main Member=Component C3 Cap
Added Member To Class: ClassName=LTC_Main Member=Component C4 Cap Pol3
Added Member To Class: ClassName=LTC_Main Member=Component C5 Cap
Added Member To Class: ClassName=LTC_Main Member=Component C6 Cap
Added Member To Class: ClassName=LTC_Main Member=Component C7 Cap
Added Member To Class: ClassName=LTC_Main Member=Component C8 Cap Pol3
Added Member To Class: ClassName=Main_circuit Member=Component C9 Cap
Added Member To Class: ClassName=Main_circuit Member=Component C10 Cap
Added Member To Class: ClassName=Main_circuit Member=Component CFLTR1 Cap
Added Member To Class: ClassName=Main_circuit Member=Component CSTOR1 Cap
Added Member To Class: ClassName=Main_circuit Member=Component L1 744031220
Added Member To Class: ClassName=LTC_Main Member=Component P1 Header 4
Added Member To Class: ClassName=LTC_Main Member=Component P2 Header 4
Added Member To Class: ClassName=Main_circuit Member=Component P3 Header 4
Added Member To Class: ClassName=Main_circuit Member=Component P4 Header 4
Added Member To Class: ClassName=Main_circuit Member=Component R1 Res3
Added Member To Class: ClassName=Main_circuit Member=Component R2 Res3
Added Member To Class: ClassName=Main_circuit Member=Component ROK1 Res3
Added Member To Class: ClassName=Main_circuit Member=Component ROK2 Res3
Added Member To Class: ClassName=Main_circuit Member=Component ROK3 Res3
Added Member To Class: ClassName=Main_circuit Member=Component ROV1 Res3
Added Member To Class: ClassName=Main_circuit Member=Component ROV2 Res3
Added Member To Class: ClassName=Main_circuit Member=Component RUV1 Res3
Added Member To Class: ClassName=Main_circuit Member=Component RUV2 Res3
Added Member To Class: ClassName=LTC_Main Member=Component T1 LPR6235-253LMLB
Added Member To Class: ClassName=LTC_Main Member=Component U1 LTC3108EGN-1#PBF
Added Member To Class: ClassName=Main_circuit Member=Component U2 BQ25504RGTT
Added Room: Name=Main_circuit
