Removed Pin From Net: NetName=NetC1_1 Pin=T1-3
Removed Pin From Net: NetName=GND Pin=T1-4
Change Component Footprint: Designator=T1 Old Footprint=TRF_4 New Footprint=FP-LPR6235-MFG
Change Component Comment : Designator=T1 Old Comment=Trans Ideal New Comment=LPR6235-253LMLB
Change Managed Component Library Link : Designator=T1 Old VaultGUID= New VaultGUID=B7D15EC3-160A-466F-A46C-7801FE6295A7 Old ItemGUID= New ItemGUID=E8ABBFBC-8201-4E09-8AA5-459BC9589606 Old RevisionGUID= New RevisionGUID=DBC2FBCA-BA74-4CF8-80CE-E2AE005DBC4D
Change component parameters: Designator = "T1" ("T1"); Footprint = "TRF_4"; UniqueID = "\HBOVCXDS" ("\HBOVCXDS")
Change component parameters (AddParameter): Name = "Ambient Temperature Range High"; Value = "+85°C"; VariantName = "[No Variations]"
Change component parameters (AddParameter): Name = "Ambient Temperature Range Low"; Value = "-40°C"; VariantName = "[No Variations]"
Change component parameters (AddParameter): Name = "Automotive"; Value = "No"; VariantName = "[No Variations]"
Change component parameters (AddParameter): Name = "Category"; Value = "Trans"; VariantName = "[No Variations]"
Change component parameters (AddParameter): Name = "ComponentLink2Description"; Value = "Datasheet"; VariantName = "[No Variations]"
Change component parameters (AddParameter): Name = "ComponentLink2URL"; Value = "https://www.coilcraft.com/pdfs/lpr6235.pdf"; VariantName = "[No Variations]"
Change component parameters (AddParameter): Name = "Device Class L1"; Value = "Passive Components"; VariantName = "[No Variations]"
Change component parameters (AddParameter): Name = "Device Class L2"; Value = "Transformers"; VariantName = "[No Variations]"
Change component parameters (AddParameter): Name = "Device Class L3"; Value = "unset"; VariantName = "[No Variations]"
Change component parameters (AddParameter): Name = "Frequency"; Value = "100kHz"; VariantName = "[No Variations]"
Change component parameters (AddParameter): Name = "Height"; Value = "3.5mm"; VariantName = "[No Variations]"
Change component parameters (AddParameter): Name = "Inductance Primary"; Value = "25uH"; VariantName = "[No Variations]"
Change component parameters (AddParameter): Name = "Isolation Voltage"; Value = "300Vrms"; VariantName = "[No Variations]"
Change component parameters (AddParameter): Name = "Lead Free"; Value = "Yes"; VariantName = "[No Variations]"
Change component parameters (AddParameter): Name = "Manufacturer"; Value = "Coilcraft"; VariantName = "[No Variations]"
Change component parameters (AddParameter): Name = "Manufacturer Part Number"; Value = "LPR6235-253LMLB"; VariantName = "[No Variations]"
Change component parameters (AddParameter): Name = "Mouser Description"; Value = "Coupled Inductors Mini Step-up Xfmr SEE PART COMMENT TAB"; VariantName = "[No Variations]"
Change component parameters (AddParameter): Name = "Octopart"; Value = "https://octopart.com/lpr6235-253lmlb-coilcraft-14935593"; VariantName = "[No Variations]"
Change component parameters (AddParameter): Name = "Package"; Value = "LPR6235"; VariantName = "[No Variations]"
Change component parameters (AddParameter): Name = "Primary Resistance"; Value = "0.74O"; VariantName = "[No Variations]"
Change component parameters (AddParameter): Name = "RoHS"; Value = "TRUE"; VariantName = "[No Variations]"
Change component parameters (AddParameter): Name = "Sec Resistance"; Value = "13.7O"; VariantName = "[No Variations]"
Change component parameters (AddParameter): Name = "Turns Ratio"; Value = "1:10"; VariantName = "[No Variations]"
Added Pin To Net: NetName=GND Pin=T1-3
Added Pin To Net: NetName=NetC1_1 Pin=T1-4
Added Room: Name=LTC_Main
Added Room: Name=Main_circuit
